Please report this error to author.
`:help eskk` to see author's e-mail address.

Sun 08 May 2022 07:44:07 PM JST

--- char ---
char: ''(0)
mode(): i
--- char ---

--- exception ---
exception type: Vim internal error
v:exception: Can't read '/home/boke0/.jisho/.eskk-jisyo'!
v:throwpoint: function eskk#filter[75]..<SNR>165_asym_filter[56]..<SNR>165_do_henkan[17]..<SNR>165_do_henkan_other[47]..eskk#get_skk_dict[2]..eskk#dictionary#new[1]..<SNR>186_Dictionary_new[4]..<SNR>186_PhysicalDict_new[10]..<SNR>186_PhysicalDict_update_lines[9]..<SNR>186_PhysicalDict_update_lines_main, line 2

   function <SNR>186_PhysicalDict_update_lines_main() abort dict
1      unlockvar 1 self._content_lines
2      let self._content_lines  = readfile(self.path)
3      lockvar 1 self._content_lines
4      call self.parse_lines()
5   
6      let self._ftime_at_set = getftime(self.path)
   endfunction
--- exception ---

--- preedit ---
(no preedit)
--- preedit ---

--- Vim's :version ---
NVIM v0.7.0
Build type: Release
LuaJIT 2.1.0-beta3
Compiled by builduser

Features: +acl +iconv +tui
See ":help feature-compile"

   system vimrc file: "$VIM/sysinit.vim"
  fall-back for $VIM: "/usr/share/nvim"

Run :checkhealth for more info
--- Vim's :version ---


--- Operating System ---
"uname -a" = Linux tkmghr 5.17.5-arch1-1 #1 SMP PREEMPT Wed, 27 Apr 2022 20:56:11 +0000 x86_64 GNU/Linux
--- Operating System ---

--- feature-list ---
gui_running = 0
unix = 1
mac = 0
macunix = 0
win16 = 0
win32 = 0
win64 = 0
win32unix = 0
win95 = 0
amiga = 0
beos = 0
dos16 = 0
dos32 = 0
os2 = 0
qnx = 0
vms = 0
--- feature-list ---
